<?xml version="1.0" encoding="UTF-8"?>
<!-- Generated by org.testng.reporters.JUnitXMLReporter -->
<testsuite ignored="0" hostname="DESKTOP-75STN5V" failures="1" tests="3" name="Test" time="23.572" errors="0" timestamp="2025-09-13T21:29:01 IST">
  <testcase classname="com.demoProject.testCases.testCase_01_Login" name="testLoginMethod" time="1.76"/>
  <testcase classname="com.demoProject.testCases.testCase_02_invalidLogin" name="Sysout" time="0.005"/>
  <testcase classname="com.demoProject.testCases.testCase03_Screenshots" name="testInvalidLoginMethod" time="0.027">
    <failure type="java.lang.NullPointerException" message="Cannot invoke &amp;quot;org.openqa.selenium.SearchContext.findElement(org.openqa.selenium.By)&amp;quot; because &amp;quot;this.searchContext&amp;quot; is null">
      <![CDATA[java.lang.NullPointerException: Cannot invoke "org.openqa.selenium.SearchContext.findElement(org.openqa.selenium.By)" because "this.searchContext" is null
at org.openqa.selenium.support.pagefactory.DefaultElementLocator.findElement(DefaultElementLocator.java:68)
at org.openqa.selenium.support.pagefactory.internal.LocatingElementHandler.invoke(LocatingElementHandler.java:38)
at jdk.proxy2/jdk.proxy2.$Proxy12.sendKeys(Unknown Source)
at com.demoProject.pageObjects.loginPage.inValidloginMethod(loginPage.java:55)
at com.demoProject.testCases.testCase03_Screenshots.testInvalidLoginMethod(testCase03_Screenshots.java:31)
at java.base/java.util.ArrayList.forEach(ArrayList.java:1596)
... Removed 25 stack frames]]>
    </failure>
  </testcase> <!-- testInvalidLoginMethod -->
</testsuite> <!-- Test -->
