<?xml version="1.0" encoding="UTF-8"?>
<testng-results ignored="0" total="1" passed="1" failed="0" skipped="0">
  <reporter-output>
  </reporter-output>
  <suite started-at="2025-11-08T13:11:56 IST" name="SuiteValidLogin" finished-at="2025-11-08T13:12:10 IST" duration-ms="13721">
    <groups>
    </groups>
    <test started-at="2025-11-08T13:11:56 IST" name="LoginTest" finished-at="2025-11-08T13:12:10 IST" duration-ms="13721">
      <class name="com.demoProject.testCases.testCase_01_Login">
        <test-method is-config="true" signature="setUp()[pri:0, instance:com.demoProject.testCases.testCase_01_Login@38afe297]" started-at="2025-11-08T13:11:56 IST" name="setUp" finished-at="2025-11-08T13:12:07 IST" duration-ms="10617" status="PASS">
          <reporter-output>
          </reporter-output>
        </test-method> <!-- setUp -->
        <test-method signature="testLoginMethod()[pri:0, instance:com.demoProject.testCases.testCase_01_Login@38afe297]" started-at="2025-11-08T13:12:07 IST" name="testLoginMethod" finished-at="2025-11-08T13:12:09 IST" duration-ms="1910" status="PASS">
          <reporter-output>
          </reporter-output>
        </test-method> <!-- testLoginMethod -->
        <test-method is-config="true" signature="tearDown()[pri:0, instance:com.demoProject.testCases.testCase_01_Login@38afe297]" started-at="2025-11-08T13:12:09 IST" name="tearDown" finished-at="2025-11-08T13:12:10 IST" duration-ms="1010" status="PASS">
          <reporter-output>
          </reporter-output>
        </test-method> <!-- tearDown -->
      </class> <!-- com.demoProject.testCases.testCase_01_Login -->
    </test> <!-- LoginTest -->
  </suite> <!-- SuiteValidLogin -->
</testng-results>
